[2025-12-27 05:29:42] START backwards: @Outsideness from 2025-12-27 to 2013-09-01
[2025-12-27 05:32:07] MONTH: reached 2025-11 (total: 0 tweets)
[2025-12-27 05:34:51] MONTH: reached 2025-10 (total: 0 tweets)
[2025-12-27 05:40:03] MONTH: reached 2025-09 (total: 0 tweets)
[2025-12-27 05:42:42] MONTH: reached 2025-08 (total: 0 tweets)
[2025-12-27 05:44:07] NO_SESSIONS: 2025-08-15 - waiting 15 min
[2025-12-27 06:00:29] MONTH: reached 2025-07 (total: 0 tweets)
[2025-12-27 06:03:18] MONTH: reached 2025-06 (total: 0 tweets)
[2025-12-27 06:05:49] NO_SESSIONS: 2025-06-02 - waiting 15 min
[2025-12-27 06:21:00] MONTH: reached 2025-05 (total: 0 tweets)
[2025-12-27 06:23:45] MONTH: reached 2025-04 (total: 0 tweets)
[2025-12-27 06:26:25] MONTH: reached 2025-03 (total: 0 tweets)
[2025-12-27 06:27:34] NO_SESSIONS: 2025-03-18 - waiting 15 min
[2025-12-27 06:44:09] MONTH: reached 2025-02 (total: 0 tweets)
[2025-12-27 06:46:38] MONTH: reached 2025-01 (total: 0 tweets)
[2025-12-27 06:49:22] MONTH: reached 2024-12 (total: 0 tweets)
[2025-12-27 06:49:33] NO_SESSIONS: 2024-12-29 - waiting 15 min
[2025-12-27 07:07:08] MONTH: reached 2024-11 (total: 0 tweets)
[2025-12-27 07:09:49] MONTH: reached 2024-10 (total: 0 tweets)
[2025-12-27 07:10:05] NO_SESSIONS: 2024-10-28 - waiting 15 min
[2025-12-27 16:46:43] INCOMPLETE: re-scraping 1 days
[2025-12-27 16:46:48] START backwards: @Outsideness from 2025-12-27 to 2013-09-01
[2025-12-27 16:49:10] MONTH: reached 2025-11 (total: 0 tweets)
[2025-12-27 16:51:51] MONTH: reached 2025-10 (total: 0 tweets)
[2025-12-27 16:53:33] NO_SESSIONS: 2025-10-12 - waiting 15 min
[2025-12-27 17:13:10] MONTH: reached 2025-09 (total: 0 tweets)
[2025-12-27 17:15:52] MONTH: reached 2025-08 (total: 0 tweets)
[2025-12-27 17:18:40] MONTH: reached 2025-07 (total: 0 tweets)
[2025-12-27 17:19:19] NO_SESSIONS: 2025-07-24 - waiting 15 min
[2025-12-27 17:21:54] INCOMPLETE: re-scraping 1 days
[2025-12-27 17:21:59] START backwards: @Outsideness from 2025-12-27 to 2013-09-01
[2025-12-27 17:21:59] NO_SESSIONS: 2025-12-26 - waiting 15 min
[2025-12-27 17:35:27] INCOMPLETE: re-scraping 1 days
[2025-12-27 17:35:32] START backwards: @Outsideness, EMA=10.0, window=60 days
[2025-12-27 17:41:51] NO_SESSIONS: waiting 15 min
[2025-12-27 18:06:08] INCOMPLETE: re-scraping 1 days
[2025-12-27 18:06:13] CATCHUP: 2023-03-13 to 2025-12-27
[2025-12-27 18:06:13] START forwards: @Outsideness, EMA=16.8, window=44 days
[2025-12-27 18:10:18] DONE: 780 tweets over 1018 days
[2025-12-27 18:10:18] START backwards: @Outsideness, EMA=18.0, window=41 days
[2025-12-27 18:11:39] NO_SESSIONS: waiting 15 min
[2025-12-27 20:16:18] ERROR: Additional info: nodename nor servname provided, or not known
[2025-12-27 20:16:23] ERROR: Additional info: nodename nor servname provided, or not known
[2025-12-27 20:16:28] ERROR: Additional info: nodename nor servname provided, or not known
[2025-12-27 20:16:33] ERROR: Additional info: nodename nor servname provided, or not known
[2025-12-27 20:16:38] ERROR: Additional info: nodename nor servname provided, or not known
[2025-12-27 20:16:43] ERROR: Additional info: nodename nor servname provided, or not known
[2025-12-27 20:16:48] DONE: 0 tweets over 849 days
[2025-12-30 04:17:54] INCOMPLETE: re-scraping 1 days
[2025-12-30 04:18:00] CATCHUP: 2023-10-03 to 2025-12-30
[2025-12-30 04:18:00] START forwards: @Outsideness, EMA=18.0, window=41 days
[2025-12-30 04:19:46] DONE: 0 tweets over 816 days
[2025-12-30 04:19:46] START backwards: @Outsideness, EMA=18.0, window=41 days
[2025-12-30 04:23:52] NO_SESSIONS: waiting 15 min
[2025-12-30 05:08:08] CATCHUP: 2023-10-03 to 2025-12-30
[2025-12-30 05:08:08] START forwards: @Outsideness, EMA=18.0, window=41 days
[2025-12-30 05:09:54] DONE: 0 tweets over 816 days
[2025-12-30 05:09:54] START backwards: @Outsideness, EMA=18.0, window=41 days
[2025-12-30 05:13:17] DONE: 489 tweets over 851 days
