[2025-12-25 05:37:13] START backwards: @xenocosmography from 2025-12-25 to 2023-10-01
[2025-12-25 05:41:19] MONTH: reached 2025-11 (total: 417 tweets)
[2025-12-25 05:42:28] NO_SESSIONS: 2025-11-25 - waiting 15 min
[2025-12-25 06:03:19] MONTH: reached 2025-10 (total: 1449 tweets)
[2025-12-25 06:06:37] NO_SESSIONS: 2025-10-14 - waiting 15 min
[2025-12-25 06:25:00] MONTH: reached 2025-09 (total: 2443 tweets)
[2025-12-25 06:27:06] NO_SESSIONS: 2025-09-21 - waiting 15 min
[2025-12-25 06:46:57] MONTH: reached 2025-08 (total: 3564 tweets)
[2025-12-25 07:00:23] MONTH: reached 2025-07 (total: 4049 tweets)
[2025-12-25 07:01:30] NO_SESSIONS: 2025-07-24 - waiting 15 min
[2025-12-26 00:26:27] INCOMPLETE: re-scraping 1 days
[2025-12-26 00:26:36] CATCHUP: 2025-12-23 to 2025-12-26
[2025-12-26 00:26:36] START forwards: @xenocosmography from 2025-12-24 to 2025-12-26
[2025-12-26 00:26:41] DONE: 0 tweets over 1 days
[2025-12-26 00:26:41] START backwards: @xenocosmography from 2025-07-23 to 2023-10-01
[2025-12-26 00:30:35] MONTH: reached 2025-06 (total: 368 tweets)
[2025-12-26 00:30:52] NO_SESSIONS: 2025-06-29 - waiting 15 min
[2025-12-26 00:50:58] NO_SESSIONS: 2025-06-03 - waiting 15 min
[2025-12-26 01:06:18] MONTH: reached 2025-05 (total: 1085 tweets)
[2025-12-26 01:11:29] MONTH: reached 2025-04 (total: 1546 tweets)
[2025-12-26 01:11:41] NO_SESSIONS: 2025-04-29 - waiting 15 min
[2025-12-26 01:31:23] NO_SESSIONS: 2025-04-07 - waiting 15 min
[2025-12-26 01:47:39] MONTH: reached 2025-03 (total: 2400 tweets)
[2025-12-26 01:51:48] NO_SESSIONS: 2025-03-06 - waiting 15 min
[2025-12-26 02:07:48] MONTH: reached 2025-02 (total: 2857 tweets)
[2025-12-26 02:12:25] NO_SESSIONS: 2025-02-04 - waiting 15 min
[2025-12-26 02:28:15] MONTH: reached 2025-01 (total: 3554 tweets)
[2025-12-26 02:33:02] NO_SESSIONS: 2025-01-03 - waiting 15 min
[2025-12-26 02:48:28] MONTH: reached 2024-12 (total: 4016 tweets)
[2025-12-26 02:53:04] MONTH: reached 2024-11 (total: 4406 tweets)
[2025-12-26 02:53:51] NO_SESSIONS: 2024-11-25 - waiting 15 min
[2025-12-26 03:13:48] MONTH: reached 2024-10 (total: 5113 tweets)
[2025-12-26 03:13:55] NO_SESSIONS: 2024-10-31 - waiting 15 min
[2025-12-26 03:56:22] NO_SESSIONS: 2024-10-02 - waiting 15 min
[2025-12-26 04:11:40] MONTH: reached 2024-09 (total: 5930 tweets)
[2025-12-26 04:16:47] NO_SESSIONS: 2024-09-07 - waiting 15 min
[2025-12-26 04:33:39] MONTH: reached 2024-08 (total: 6984 tweets)
[2025-12-26 04:37:41] NO_SESSIONS: 2024-08-15 - waiting 15 min
[2025-12-26 04:56:14] MONTH: reached 2024-07 (total: 8108 tweets)
[2025-12-26 04:57:55] NO_SESSIONS: 2024-07-22 - waiting 15 min
[2025-12-26 05:17:21] MONTH: reached 2024-06 (total: 8847 tweets)
[2025-12-26 05:18:25] NO_SESSIONS: 2024-06-23 - waiting 15 min
[2025-12-26 05:37:51] MONTH: reached 2024-05 (total: 9479 tweets)
[2025-12-26 05:38:56] NO_SESSIONS: 2024-05-25 - waiting 15 min
[2025-12-26 05:57:13] MONTH: reached 2024-04 (total: 9792 tweets)
[2025-12-26 05:59:56] MONTH: reached 2024-03 (total: 9792 tweets)
[2025-12-27 00:52:20] CATCHUP: 2025-12-25 to 2025-12-27
[2025-12-27 00:52:20] START forwards: @xenocosmography from 2025-12-26 to 2025-12-27
[2025-12-27 00:52:25] DONE: 0 tweets over 1 days
[2025-12-27 00:52:25] START backwards: @xenocosmography from 2024-05-11 to 2023-10-01
[2025-12-27 00:53:27] MONTH: reached 2024-04 (total: 6 tweets)
[2025-12-27 00:56:11] MONTH: reached 2024-03 (total: 6 tweets)
[2025-12-27 00:58:58] MONTH: reached 2024-02 (total: 6 tweets)
[2025-12-27 00:58:58] NO_SESSIONS: 2024-02-29 - waiting 15 min
[2025-12-27 01:42:10] MONTH: reached 2024-01 (total: 51 tweets)
[2025-12-27 01:46:01] MONTH: reached 2023-12 (total: 248 tweets)
[2025-12-27 01:46:14] NO_SESSIONS: 2023-12-30 - waiting 15 min
[2025-12-27 02:06:18] MONTH: reached 2023-11 (total: 492 tweets)
[2025-12-27 02:10:30] MONTH: reached 2023-10 (total: 800 tweets)
[2025-12-27 02:12:43] NO_SESSIONS: 2023-10-19 - waiting 15 min
[2025-12-27 04:06:30] CATCHUP: 2025-12-25 to 2025-12-27
[2025-12-27 04:06:30] START forwards: @xenocosmography from 2025-12-26 to 2025-12-27
[2025-12-27 04:06:36] DONE: 0 tweets over 1 days
[2025-12-27 04:06:36] START backwards: @xenocosmography from 2023-10-20 to 2023-10-01
[2025-12-27 04:09:42] DONE: 337 tweets over 20 days
